// 重构日志: e58b9bbc
// 重构日志: 3296141d
// 重构日志: 74f33d43
// 重构日志: 5f7370ae
// 重构日志: e0dccbd2
// 重构日志: b87c9b21
// 重构日志: a3f9a792
// 重构日志: 836e3284
// 重构日志: 58893c37
// 重构日志: 5d4dc70c
// 同步 ID: 1c49b6a8 @ Fri Jul  3 13:13:55 UTC 2026
// 重构日志: 03253874
// 重构日志: 41bbeb66
// 重构日志: 6693c62c
// 同步 ID: 4fd22051 @ Sat Jul  4 17:53:03 UTC 2026
// 重构日志: a832cb8f
// 同步 ID: 369289c3 @ Sun Jul  5 15:44:03 UTC 2026
// 同步 ID: 67aa7181 @ Mon Jul  6 13:56:11 UTC 2026
// 同步 ID: 8f815011 @ Mon Jul  6 17:26:16 UTC 2026
// 重构日志: 30017f07
// 重构日志: 3112246d
// 重构日志: 59f9065f
// 同步 ID: 810239b3 @ Wed Jul  8 10:34:43 UTC 2026
// 重构日志: 480800b7
// 同步 ID: bb4e50dd @ Wed Jul  8 18:04:49 UTC 2026
// 重构日志: b12d55af
// 重构日志: 07d69e65
// 同步 ID: 17021cf4 @ Fri Jul 10 17:41:12 UTC 2026
// 同步 ID: adfe8773 @ Sat Jul 11 04:36:42 UTC 2026
// 同步 ID: 5ebbb233 @ Sat Jul 11 08:13:01 UTC 2026
// 重构日志: b5f3267d
